Log file open, 05/28/19 12:05:17
LogWindows: Failed to load 'aqProf.dll' (GetLastError=126)
LogWindows: File 'aqProf.dll' does not exist
LogWindows: Failed to load 'VtuneApi.dll' (GetLastError=126)
LogWindows: File 'VtuneApi.dll' does not exist
LogWindows: Failed to load 'VtuneApi32e.dll' (GetLastError=126)
LogWindows: File 'VtuneApi32e.dll' does not exist
LogConsoleResponse: Display: Failed to find resolution value strings in scalability ini. Falling back to default.
LogInit: Display: Running engine for game: SummerProject_1
LogPakFile: Registered encryption key '00000000000000000000000000000000': 0 pak files mounted, 0 remain pending
LogPlatformFile: Not using cached read wrapper
LogTaskGraph: Started task graph with 5 named threads and 23 total threads with 3 sets of task threads.
LogStats: Stats thread started at 0.284556
LogD3D11RHI: Loaded GFSDK_Aftermath_Lib.x64.dll
LogICUInternationalization: ICU TimeZone Detection - Raw Offset: -7:00, Platform Override: ''
LogPluginManager: Mounting plugin Paper2D
LogPluginManager: Mounting plugin AISupport
LogPluginManager: Mounting plugin LightPropagationVolume
LogPluginManager: Mounting plugin ActorLayerUtilities
LogPluginManager: Mounting plugin CLionSourceCodeAccess
LogPluginManager: Mounting plugin CodeLiteSourceCodeAccess
LogPluginManager: Mounting plugin GitSourceControl
LogPluginManager: Mounting plugin KDevelopSourceCodeAccess
LogPluginManager: Mounting plugin NullSourceCodeAccess
LogPluginManager: Mounting plugin PerforceSourceControl
LogPluginManager: Mounting plugin SubversionSourceControl
LogPluginManager: Mounting plugin UObjectPlugin
LogPluginManager: Mounting plugin VisualStudioCodeSourceCodeAccess
LogPluginManager: Mounting plugin VisualStudioSourceCodeAccess
LogPluginManager: Mounting plugin XCodeSourceCodeAccess
LogPluginManager: Mounting plugin AssetManagerEditor
LogPluginManager: Mounting plugin CryptoKeys
LogPluginManager: Mounting plugin DataValidation
LogPluginManager: Mounting plugin FacialAnimation
LogPluginManager: Mounting plugin GameplayTagsEditor
LogPluginManager: Mounting plugin MacGraphicsSwitching
LogPluginManager: Mounting plugin MeshEditor
LogPluginManager: Mounting plugin MobileLauncherProfileWizard
LogPluginManager: Mounting plugin PluginBrowser
LogPluginManager: Mounting plugin SpeedTreeImporter
LogPluginManager: Mounting plugin DatasmithContent
LogPluginManager: Mounting plugin VariantManagerContent
LogPluginManager: Mounting plugin AlembicImporter
LogPluginManager: Mounting plugin AppleImageUtils
LogPluginManager: Mounting plugin AppleVision
LogPluginManager: Mounting plugin BackChannel
LogPluginManager: Mounting plugin CharacterAI
LogPluginManager: Mounting plugin GeometryCache
LogPluginManager: Mounting plugin HTML5Networking
LogPluginManager: Mounting plugin ProxyLODPlugin
LogPluginManager: Mounting plugin MagicLeap
LogPluginManager: Mounting plugin MagicLeapMedia
LogPluginManager: Mounting plugin AndroidMedia
LogPluginManager: Mounting plugin AvfMedia
LogPluginManager: Mounting plugin ImgMedia
LogPluginManager: Mounting plugin LinearTimecode
LogPluginManager: Mounting plugin MediaCompositing
LogPluginManager: Mounting plugin MediaPlayerEditor
LogPluginManager: Mounting plugin WebMMedia
LogPluginManager: Mounting plugin WmfMedia
LogPluginManager: Mounting plugin TcpMessaging
LogPluginManager: Mounting plugin UdpMessaging
LogPluginManager: Mounting plugin ActorSequence
LogPluginManager: Mounting plugin LevelSequenceEditor
LogPluginManager: Mounting plugin MatineeToLevelSequence
LogPluginManager: Mounting plugin NetcodeUnitTest
LogPluginManager: Mounting plugin NUTUnrealEngine4
LogPluginManager: Mounting plugin OnlineSubsystemGooglePlay
LogPluginManager: Mounting plugin OnlineSubsystemIOS
LogPluginManager: Mounting plugin OnlineSubsystem
LogPluginManager: Mounting plugin OnlineSubsystemNull
LogPluginManager: Mounting plugin OnlineSubsystemUtils
LogPluginManager: Mounting plugin LauncherChunkInstaller
LogPluginManager: Mounting plugin AndroidDeviceProfileSelector
LogPluginManager: Mounting plugin AndroidMoviePlayer
LogPluginManager: Mounting plugin AndroidPermission
LogPluginManager: Mounting plugin AppleMoviePlayer
LogPluginManager: Mounting plugin ArchVisCharacter
LogPluginManager: Mounting plugin AudioCapture
LogPluginManager: Mounting plugin CableComponent
LogPluginManager: Mounting plugin CustomMeshComponent
LogPluginManager: Mounting plugin EditableMesh
LogPluginManager: Mounting plugin ExampleDeviceProfileSelector
LogPluginManager: Mounting plugin Firebase
LogPluginManager: Mounting plugin GoogleCloudMessaging
LogPluginManager: Mounting plugin IOSDeviceProfileSelector
LogPluginManager: Mounting plugin LinuxDeviceProfileSelector
LogPluginManager: Mounting plugin LocationServicesBPLibrary
LogPluginManager: Mounting plugin MobilePatchingUtils
LogPluginManager: Mounting plugin OculusVR
LogPluginManager: Mounting plugin PhysXVehicles
LogPluginManager: Mounting plugin ProceduralMeshComponent
LogPluginManager: Mounting plugin RuntimePhysXCooking
LogPluginManager: Mounting plugin SteamVR
LogPluginManager: Mounting plugin WebMMoviePlayer
LogPluginManager: Mounting plugin WindowsMoviePlayer
LogStreaming: Display: Took  0.079s to configure plugins.
LogInit: Using libcurl 7.55.1-DEV
LogInit:  - built for x86_64-pc-win32
LogInit:  - supports SSL with OpenSSL/1.0.2h
LogInit:  - supports HTTP deflate (compression) using libz 1.2.8
LogInit:  - other features:
LogInit:      CURL_VERSION_SSL
LogInit:      CURL_VERSION_LIBZ
LogInit:      CURL_VERSION_IPV6
LogInit:      CURL_VERSION_ASYNCHDNS
LogInit:      CURL_VERSION_LARGEFILE
LogInit:      CURL_VERSION_IDN
LogInit:  CurlRequestOptions (configurable via config and command line):
LogInit:  - bVerifyPeer = true  - Libcurl will verify peer certificate
LogInit:  - bUseHttpProxy = false  - Libcurl will NOT use HTTP proxy
LogInit:  - bDontReuseConnections = false  - Libcurl will reuse connections
LogInit:  - MaxHostConnections = 16  - Libcurl will limit the number of connections to a host
LogInit:  - LocalHostAddr = Default
LogInit:  - BufferSize = 65536
LogInit: WinSock: version 1.1 (2.2), MaxSocks=32767, MaxUdp=65467
LogInit: Build: ++UE4+Release-4.21-CL-4753647
LogInit: Engine Version: 4.21.2-4753647+++UE4+Release-4.21
LogInit: Compatible Engine Version: 4.21.0-4541578+++UE4+Release-4.21
LogInit: Net CL: 4541578
LogInit: OS: Windows 10 (), CPU: Intel(R) Core(TM) i7-8809G CPU @ 3.10GHz, GPU: Radeon RX Vega M GH Graphics
LogInit: Compiled (64-bit): Jan 19 2019 02:07:31
LogInit: Compiled with Visual C++: 19.13.26129.00
LogInit: Build Configuration: Development
LogInit: Branch Name: ++UE4+Release-4.21
LogInit: Command Line:  -EpicPortal -epicusername=XAHL0 -epicuserid=162e79dbeca54780afcbb14ef2930220 -epiclocale=en-US
LogInit: Base Directory: C:/Program Files/Epic Games/UE_4.21/Engine/Binaries/Win64/
LogInit: Installed Engine Build: 1
LogDevObjectVersion: Number of dev versions registered: 22
LogDevObjectVersion:   Dev-Blueprints (B0D832E4-1F89-4F0D-ACCF-7EB736FD4AA2): 10
LogDevObjectVersion:   Dev-Build (E1C64328-A22C-4D53-A36C-8E866417BD8C): 0
LogDevObjectVersion:   Dev-Core (375EC13C-06E4-48FB-B500-84F0262A717E): 2
LogDevObjectVersion:   Dev-Editor (E4B068ED-F494-42E9-A231-DA0B2E46BB41): 26
LogDevObjectVersion:   Dev-Framework (CFFC743F-43B0-4480-9391-14DF171D2073): 34
LogDevObjectVersion:   Dev-Mobile (B02B49B5-BB20-44E9-A304-32B752E40360): 2
LogDevObjectVersion:   Dev-Networking (A4E4105C-59A1-49B5-A7C5-40C4547EDFEE): 0
LogDevObjectVersion:   Dev-Online (39C831C9-5AE6-47DC-9A44-9C173E1C8E7C): 0
LogDevObjectVersion:   Dev-Physics (78F01B33-EBEA-4F98-B9B4-84EACCB95AA2): 0
LogDevObjectVersion:   Dev-Platform (6631380F-2D4D-43E0-8009-CF276956A95A): 0
LogDevObjectVersion:   Dev-Rendering (12F88B9F-8875-4AFC-A67C-D90C383ABD29): 27
LogDevObjectVersion:   Dev-Sequencer (7B5AE74C-D270-4C10-A958-57980B212A5A): 9
LogDevObjectVersion:   Dev-VR (D7296918-1DD6-4BDD-9DE2-64A83CC13884): 2
LogDevObjectVersion:   Dev-LoadTimes (C2A15278-BFE7-4AFE-6C17-90FF531DF755): 1
LogDevObjectVersion:   Private-Geometry (6EACA3D4-40EC-4CC1-B786-8BED09428FC5): 3
LogDevObjectVersion:   Dev-AnimPhys (29E575DD-E0A3-4627-9D10-D276232CDCEA): 17
LogDevObjectVersion:   Dev-Anim (AF43A65D-7FD3-4947-9873-3E8ED9C1BB05): 2
LogDevObjectVersion:   Dev-ReflectionCapture (6B266CEC-1EC7-4B8F-A30B-E4D90942FC07): 1
LogDevObjectVersion:   Dev-Automation (0DF73D61-A23F-47EA-B727-89E90C41499A): 1
LogDevObjectVersion:   FortniteMain (601D1886-AC64-4F84-AA16-D3DE0DEAC7D6): 17
LogDevObjectVersion:   Dev-Enterprise (9DFFBCD6-494F-0158-E221-12823C92A888): 4
LogDevObjectVersion:   Dev-Niagara (F2AED0AC-9AFE-416F-8664-AA7FFA26D6FC): 1
LogStreaming: Display: Took  0.001s to delete old logs.
LogInit: Presizing for max 8388607 objects, including 0 objects not considered by GC, pre-allocating 0 bytes for permanent pool.
LogInit: Object subsystem initialized
LogConfig: Setting CVar [[con.DebugEarlyDefault:1]]
LogConfig: Setting CVar [[r.setres:1280x720]]
[2019.05.28-18.05.17:321][  0]LogConfig: Setting CVar [[r.VSync:0]]
[2019.05.28-18.05.17:321][  0]LogConfig: Setting CVar [[r.RHICmdBypass:0]]
[2019.05.28-18.05.17:321][  0]LogConfig: Applying CVar settings from Section [/Script/Engine.RendererSettings] File [C:/Users/u1067338/Documents/GitHub/SummerAssetPipe/Unreal/Unreal Projects/Saved/Config/Windows/Engine.ini]
[2019.05.28-18.05.17:321][  0]LogConfig: Setting CVar [[r.GPUCrashDebugging:0]]
[2019.05.28-18.05.17:321][  0]LogConfig: Applying CVar settings from Section [/Script/Engine.RendererOverrideSettings] File [C:/Users/u1067338/Documents/GitHub/SummerAssetPipe/Unreal/Unreal Projects/Saved/Config/Windows/Engine.ini]
[2019.05.28-18.05.17:321][  0]LogConfig: Applying CVar settings from Section [/Script/Engine.StreamingSettings] File [C:/Users/u1067338/Documents/GitHub/SummerAssetPipe/Unreal/Unreal Projects/Saved/Config/Windows/Engine.ini]
[2019.05.28-18.05.17:321][  0]LogConfig: Setting CVar [[s.MinBulkDataSizeForAsyncLoading:131072]]
[2019.05.28-18.05.17:321][  0]LogConfig: Setting CVar [[s.AsyncLoadingThreadEnabled:0]]
[2019.05.28-18.05.17:321][  0]LogConfig: Setting CVar [[s.EventDrivenLoaderEnabled:1]]
[2019.05.28-18.05.17:321][  0]LogConfig: Setting CVar [[s.WarnIfTimeLimitExceeded:0]]
[2019.05.28-18.05.17:321][  0]LogConfig: Setting CVar [[s.TimeLimitExceededMultiplier:1.5]]
[2019.05.28-18.05.17:321][  0]LogConfig: Setting CVar [[s.TimeLimitExceededMinTime:0.005]]
[2019.05.28-18.05.17:321][  0]LogConfig: Setting CVar [[s.UseBackgroundLevelStreaming:1]]
[2019.05.28-18.05.17:321][  0]LogConfig: Setting CVar [[s.PriorityAsyncLoadingExtraTime:15.0]]
[2019.05.28-18.05.17:321][  0]LogConfig: Setting CVar [[s.LevelStreamingActorsUpdateTimeLimit:5.0]]
[2019.05.28-18.05.17:321][  0]LogConfig: Setting CVar [[s.PriorityLevelStreamingActorsUpdateExtraTime:5.0]]
[2019.05.28-18.05.17:321][  0]LogConfig: Setting CVar [[s.LevelStreamingComponentsRegistrationGranularity:10]]
[2019.05.28-18.05.17:321][  0]LogConfig: Setting CVar [[s.UnregisterComponentsTimeLimit:1.0]]
[2019.05.28-18.05.17:322][  0]LogConfig: Setting CVar [[s.LevelStreamingComponentsUnregistrationGranularity:5]]
[2019.05.28-18.05.17:322][  0]LogConfig: Applying CVar settings from Section [/Script/Engine.GarbageCollectionSettings] File [C:/Users/u1067338/Documents/GitHub/SummerAssetPipe/Unreal/Unreal Projects/Saved/Config/Windows/Engine.ini]
[2019.05.28-18.05.17:322][  0]LogConfig: Setting CVar [[gc.MaxObjectsNotConsideredByGC:1]]
[2019.05.28-18.05.17:322][  0]LogConfig: Setting CVar [[gc.SizeOfPermanentObjectPool:0]]
[2019.05.28-18.05.17:322][  0]LogConfig: Setting CVar [[gc.FlushStreamingOnGC:0]]
[2019.05.28-18.05.17:322][  0]LogConfig: Setting CVar [[gc.NumRetriesBeforeForcingGC:10]]
[2019.05.28-18.05.17:322][  0]LogConfig: Setting CVar [[gc.AllowParallelGC:1]]
[2019.05.28-18.05.17:322][  0]LogConfig: Setting CVar [[gc.TimeBetweenPurgingPendingKillObjects:61.1]]
[2019.05.28-18.05.17:322][  0]LogConfig: Setting CVar [[gc.MaxObjectsInEditor:8388607]]
[2019.05.28-18.05.17:322][  0]LogConfig: Setting CVar [[gc.IncrementalBeginDestroyEnabled:1]]
[2019.05.28-18.05.17:322][  0]LogConfig: Setting CVar [[gc.CreateGCClusters:1]]
[2019.05.28-18.05.17:322][  0]LogConfig: Setting CVar [[gc.MergeGCClusters:0]]
[2019.05.28-18.05.17:322][  0]LogConfig: Setting CVar [[gc.MinGCClusterSize:5]]
[2019.05.28-18.05.17:322][  0]LogConfig: Setting CVar [[gc.ActorClusteringEnabled:0]]
[2019.05.28-18.05.17:322][  0]LogConfig: Setting CVar [[gc.BlueprintClusteringEnabled:0]]
[2019.05.28-18.05.17:322][  0]LogConfig: Setting CVar [[gc.UseDisregardForGCOnDedicatedServers:0]]
[2019.05.28-18.05.17:322][  0]LogConfig: Applying CVar settings from Section [/Script/Engine.NetworkSettings] File [C:/Users/u1067338/Documents/GitHub/SummerAssetPipe/Unreal/Unreal Projects/Saved/Config/Windows/Engine.ini]
[2019.05.28-18.05.17:322][  0]LogConfig: Applying CVar settings from Section [/Script/UnrealEd.CookerSettings] File [C:/Users/u1067338/Documents/GitHub/SummerAssetPipe/Unreal/Unreal Projects/Saved/Config/Windows/Engine.ini]
[2019.05.28-18.05.17:327][  0]LogConfig: Applying CVar settings from Section [ViewDistanceQuality@3] File [C:/Users/u1067338/Documents/GitHub/SummerAssetPipe/Unreal/Unreal Projects/Saved/Config/Windows/Scalability.ini]
[2019.05.28-18.05.17:327][  0]LogConfig: Setting CVar [[r.SkeletalMeshLODBias:0]]
[2019.05.28-18.05.17:327][  0]LogConfig: Setting CVar [[r.ViewDistanceScale:1.0]]
[2019.05.28-18.05.17:327][  0]LogConfig: Applying CVar settings from Section [AntiAliasingQuality@3] File [C:/Users/u1067338/Documents/GitHub/SummerAssetPipe/Unreal/Unreal Projects/Saved/Config/Windows/Scalability.ini]
[2019.05.28-18.05.17:327][  0]LogConfig: Setting CVar [[r.PostProcessAAQuality:4]]
[2019.05.28-18.05.17:327][  0]LogConfig: Applying CVar settings from Section [ShadowQuality@3] File [C:/Users/u1067338/Documents/GitHub/SummerAssetPipe/Unreal/Unreal Projects/Saved/Config/Windows/Scalability.ini]
[2019.05.28-18.05.17:327][  0]LogConfig: Setting CVar [[r.LightFunctionQuality:1]]
[2019.05.28-18.05.17:327][  0]LogConfig: Setting CVar [[r.ShadowQuality:5]]
[2019.05.28-18.05.17:327][  0]LogConfig: Setting CVar [[r.Shadow.CSM.MaxCascades:10]]
[2019.05.28-18.05.17:327][  0]LogConfig: Setting CVar [[r.Shadow.MaxResolution:2048]]
[2019.05.28-18.05.17:327][  0]LogConfig: Setting CVar [[r.Shadow.MaxCSMResolution:2048]]
[2019.05.28-18.05.17:327][  0]LogConfig: Setting CVar [[r.Shadow.RadiusThreshold:0.01]]
[2019.05.28-18.05.17:327][  0]LogConfig: Setting CVar [[r.Shadow.DistanceScale:1.0]]
[2019.05.28-18.05.17:327][  0]LogConfig: Setting CVar [[r.Shadow.CSM.TransitionScale:1.0]]
[2019.05.28-18.05.17:327][  0]LogConfig: Setting CVar [[r.Shadow.PreShadowResolutionFactor:1.0]]
[2019.05.28-18.05.17:327][  0]LogConfig: Setting CVar [[r.DistanceFieldShadowing:1]]
[2019.05.28-18.05.17:327][  0]LogConfig: Setting CVar [[r.DistanceFieldAO:1]]
[2019.05.28-18.05.17:327][  0]LogConfig: Setting CVar [[r.AOQuality:2]]
[2019.05.28-18.05.17:327][  0]LogConfig: Setting CVar [[r.VolumetricFog:1]]
[2019.05.28-18.05.17:328][  0]LogConfig: Setting CVar [[r.VolumetricFog.GridPixelSize:8]]
[2019.05.28-18.05.17:328][  0]LogConfig: Setting CVar [[r.VolumetricFog.GridSizeZ:128]]
[2019.05.28-18.05.17:328][  0]LogConfig: Setting CVar [[r.VolumetricFog.HistoryMissSupersampleCount:4]]
[2019.05.28-18.05.17:328][  0]LogConfig: Setting CVar [[r.LightMaxDrawDistanceScale:1]]
[2019.05.28-18.05.17:328][  0]LogConfig: Setting CVar [[r.CapsuleShadows:1]]
[2019.05.28-18.05.17:328][  0]LogConfig: Applying CVar settings from Section [PostProcessQuality@3] File [C:/Users/u1067338/Documents/GitHub/SummerAssetPipe/Unreal/Unreal Projects/Saved/Config/Windows/Scalability.ini]
[2019.05.28-18.05.17:328][  0]LogConfig: Setting CVar [[r.MotionBlurQuality:4]]
[2019.05.28-18.05.17:328][  0]LogConfig: Setting CVar [[r.AmbientOcclusionMipLevelFactor:0.4]]
[2019.05.28-18.05.17:328][  0]LogConfig: Setting CVar [[r.AmbientOcclusionMaxQuality:100]]
[2019.05.28-18.05.17:328][  0]LogConfig: Setting CVar [[r.AmbientOcclusionLevels:-1]]
[2019.05.28-18.05.17:328][  0]LogConfig: Setting CVar [[r.AmbientOcclusionRadiusScale:1.0]]
[2019.05.28-18.05.17:328][  0]LogConfig: Setting CVar [[r.DepthOfFieldQuality:2]]
[2019.05.28-18.05.17:328][  0]LogConfig: Setting CVar [[r.RenderTargetPoolMin:400]]
[2019.05.28-18.05.17:328][  0]LogConfig: Setting CVar [[r.LensFlareQuality:2]]
[2019.05.28-18.05.17:328][  0]LogConfig: Setting CVar [[r.SceneColorFringeQuality:1]]
[2019.05.28-18.05.17:328][  0]LogConfig: Setting CVar [[r.EyeAdaptationQuality:2]]
[2019.05.28-18.05.17:328][  0]LogConfig: Setting CVar [[r.BloomQuality:5]]
[2019.05.28-18.05.17:328][  0]LogConfig: Setting CVar [[r.FastBlurThreshold:100]]
[2019.05.28-18.05.17:328][  0]LogConfig: Setting CVar [[r.Upscale.Quality:3]]
[2019.05.28-18.05.17:328][  0]LogConfig: Setting CVar [[r.Tonemapper.GrainQuantization:1]]
[2019.05.28-18.05.17:328][  0]LogConfig: Setting CVar [[r.LightShaftQuality:1]]
[2019.05.28-18.05.17:328][  0]LogConfig: Setting CVar [[r.Filter.SizeScale:1]]
[2019.05.28-18.05.17:328][  0]LogConfig: Setting CVar [[r.Tonemapper.Quality:5]]
[2019.05.28-18.05.17:328][  0]LogConfig: Setting CVar [[r.DOF.Gather.AccumulatorQuality:1        ; higher gathering accumulator quality]]
[2019.05.28-18.05.17:328][  0]LogConfig: Setting CVar [[r.DOF.Gather.PostfilterMethod:1          ; Median3x3 postfilering method]]
[2019.05.28-18.05.17:328][  0]LogConfig: Setting CVar [[r.DOF.Gather.EnableBokehSettings:0       ; no bokeh simulation when gathering]]
[2019.05.28-18.05.17:328][  0]LogConfig: Setting CVar [[r.DOF.Gather.RingCount:4                 ; medium number of samples when gathering]]
[2019.05.28-18.05.17:328][  0]LogConfig: Setting CVar [[r.DOF.Scatter.ForegroundCompositing:1    ; additive foreground scattering]]
[2019.05.28-18.05.17:328][  0]LogConfig: Setting CVar [[r.DOF.Scatter.BackgroundCompositing:2    ; additive background scattering]]
[2019.05.28-18.05.17:328][  0]LogConfig: Setting CVar [[r.DOF.Scatter.EnableBokehSettings:1      ; bokeh simulation when scattering]]
[2019.05.28-18.05.17:328][  0]LogConfig: Setting CVar [[r.DOF.Scatter.MaxSpriteRatio:0.1         ; only a maximum of 10% of scattered bokeh]]
[2019.05.28-18.05.17:328][  0]LogConfig: Setting CVar [[r.DOF.Recombine.Quality:1                ; cheap slight out of focus]]
[2019.05.28-18.05.17:328][  0]LogConfig: Setting CVar [[r.DOF.Recombine.EnableBokehSettings:0    ; no bokeh simulation on slight out of focus]]
[2019.05.28-18.05.17:328][  0]LogConfig: Setting CVar [[r.DOF.TemporalAAQuality:1                ; more stable temporal accumulation]]
[2019.05.28-18.05.17:328][  0]LogConfig: Setting CVar [[r.DOF.Kernel.MaxForegroundRadius:0.025]]
[2019.05.28-18.05.17:328][  0]LogConfig: Setting CVar [[r.DOF.Kernel.MaxBackgroundRadius:0.025]]
[2019.05.28-18.05.17:328][  0]LogConfig: Applying CVar settings from Section [TextureQuality@3] File [C:/Users/u1067338/Documents/GitHub/SummerAssetPipe/Unreal/Unreal Projects/Saved/Config/Windows/Scalability.ini]
[2019.05.28-18.05.17:328][  0]LogConfig: Setting CVar [[r.Streaming.MipBias:0]]
[2019.05.28-18.05.17:328][  0]LogConfig: Setting CVar [[r.Streaming.AmortizeCPUToGPUCopy:0]]
[2019.05.28-18.05.17:328][  0]LogConfig: Setting CVar [[r.Streaming.MaxNumTexturesToStreamPerFrame:0]]
[2019.05.28-18.05.17:328][  0]LogConfig: Setting CVar [[r.Streaming.Boost:1]]
[2019.05.28-18.05.17:328][  0]LogConfig: Setting CVar [[r.MaxAnisotropy:8]]
[2019.05.28-18.05.17:328][  0]LogConfig: Setting CVar [[r.Streaming.LimitPoolSizeToVRAM:0]]
[2019.05.28-18.05.17:328][  0]LogConfig: Setting CVar [[r.Streaming.PoolSize:1000]]
[2019.05.28-18.05.17:328][  0]LogConfig: Setting CVar [[r.Streaming.MaxEffectiveScreenSize:0]]
[2019.05.28-18.05.17:328][  0]LogConfig: Applying CVar settings from Section [EffectsQuality@3] File [C:/Users/u1067338/Documents/GitHub/SummerAssetPipe/Unreal/Unreal Projects/Saved/Config/Windows/Scalability.ini]
[2019.05.28-18.05.17:328][  0]LogConfig: Setting CVar [[r.TranslucencyLightingVolumeDim:64]]
[2019.05.28-18.05.17:328][  0]LogConfig: Setting CVar [[r.RefractionQuality:2]]
[2019.05.28-18.05.17:328][  0]LogConfig: Setting CVar [[r.SSR.Quality:3]]
[2019.05.28-18.05.17:328][  0]LogConfig: Setting CVar [[r.SceneColorFormat:4]]
[2019.05.28-18.05.17:328][  0]LogConfig: Setting CVar [[r.DetailMode:2]]
[2019.05.28-18.05.17:328][  0]LogConfig: Setting CVar [[r.TranslucencyVolumeBlur:1]]
[2019.05.28-18.05.17:328][  0]LogConfig: Setting CVar [[r.MaterialQualityLevel:1 ; High quality]]
[2019.05.28-18.05.17:328][  0]LogConfig: Setting CVar [[r.SSS.Scale:1]]
[2019.05.28-18.05.17:328][  0]LogConfig: Setting CVar [[r.SSS.SampleSet:2]]
[2019.05.28-18.05.17:328][  0]LogConfig: Setting CVar [[r.SSS.Quality:1]]
[2019.05.28-18.05.17:328][  0]LogConfig: Setting CVar [[r.SSS.HalfRes:1]]
[2019.05.28-18.05.17:328][  0]LogConfig: Setting CVar [[r.EmitterSpawnRateScale:1.0]]
[2019.05.28-18.05.17:328][  0]LogConfig: Setting CVar [[r.ParticleLightQuality:2]]
[2019.05.28-18.05.17:328][  0]LogConfig: Applying CVar settings from Section [FoliageQuality@3] File [C:/Users/u1067338/Documents/GitHub/SummerAssetPipe/Unreal/Unreal Projects/Saved/Config/Windows/Scalability.ini]
[2019.05.28-18.05.17:328][  0]LogConfig: Setting CVar [[foliage.DensityScale:1.0]]
[2019.05.28-18.05.17:328][  0]LogConfig: Setting CVar [[grass.DensityScale:1.0]]
[2019.05.28-18.05.17:328][  0]LogInit: Selected Device Profile: [Windows]
[2019.05.28-18.05.17:328][  0]LogInit: Applying CVar settings loaded from the selected device profile: [Windows]
[2019.05.28-18.05.17:348][  0]LogHAL: Display: Platform has ~ 16 GB [17095413760 / 17179869184 / 16], which maps to Larger [LargestMinGB=32, LargerMinGB=12, DefaultMinGB=8, SmallerMinGB=6, SmallestMinGB=0)
[2019.05.28-18.05.17:348][  0]LogConfig: Setting CVar [[r.Vulkan.UseRealUBs:1]]
[2019.05.28-18.05.17:348][  0]LogInit: Going up to parent DeviceProfile []
[2019.05.28-18.05.17:348][  0]LogConfig: Applying CVar settings from Section [ViewDistanceQuality@3] File [C:/Users/u1067338/Documents/GitHub/SummerAssetPipe/Unreal/Unreal Projects/Saved/Config/Windows/Scalability.ini]
[2019.05.28-18.05.17:348][  0]LogConfig: Setting CVar [[r.SkeletalMeshLODBias:0]]
[2019.05.28-18.05.17:348][  0]LogConfig: Setting CVar [[r.ViewDistanceScale:1.0]]
[2019.05.28-18.05.17:348][  0]LogConfig: Applying CVar settings from Section [AntiAliasingQuality@3] File [C:/Users/u1067338/Documents/GitHub/SummerAssetPipe/Unreal/Unreal Projects/Saved/Config/Windows/Scalability.ini]
[2019.05.28-18.05.17:349][  0]LogConfig: Setting CVar [[r.PostProcessAAQuality:4]]
[2019.05.28-18.05.17:349][  0]LogConfig: Applying CVar settings from Section [ShadowQuality@3] File [C:/Users/u1067338/Documents/GitHub/SummerAssetPipe/Unreal/Unreal Projects/Saved/Config/Windows/Scalability.ini]
[2019.05.28-18.05.17:349][  0]LogConfig: Setting CVar [[r.LightFunctionQuality:1]]
[2019.05.28-18.05.17:349][  0]LogConfig: Setting CVar [[r.ShadowQuality:5]]
[2019.05.28-18.05.17:349][  0]LogConfig: Setting CVar [[r.Shadow.CSM.MaxCascades:10]]
[2019.05.28-18.05.17:349][  0]LogConfig: Setting CVar [[r.Shadow.MaxResolution:2048]]
[2019.05.28-18.05.17:349][  0]LogConfig: Setting CVar [[r.Shadow.MaxCSMResolution:2048]]
[2019.05.28-18.05.17:349][  0]LogConfig: Setting CVar [[r.Shadow.RadiusThreshold:0.01]]
[2019.05.28-18.05.17:349][  0]LogConfig: Setting CVar [[r.Shadow.DistanceScale:1.0]]
[2019.05.28-18.05.17:349][  0]LogConfig: Setting CVar [[r.Shadow.CSM.TransitionScale:1.0]]
[2019.05.28-18.05.17:349][  0]LogConfig: Setting CVar [[r.Shadow.PreShadowResolutionFactor:1.0]]
[2019.05.28-18.05.17:349][  0]LogConfig: Setting CVar [[r.DistanceFieldShadowing:1]]
[2019.05.28-18.05.17:349][  0]LogConfig: Setting CVar [[r.DistanceFieldAO:1]]
[2019.05.28-18.05.17:349][  0]LogConfig: Setting CVar [[r.AOQuality:2]]
[2019.05.28-18.05.17:349][  0]LogConfig: Setting CVar [[r.VolumetricFog:1]]
[2019.05.28-18.05.17:349][  0]LogConfig: Setting CVar [[r.VolumetricFog.GridPixelSize:8]]
[2019.05.28-18.05.17:349][  0]LogConfig: Setting CVar [[r.VolumetricFog.GridSizeZ:128]]
[2019.05.28-18.05.17:349][  0]LogConfig: Setting CVar [[r.VolumetricFog.HistoryMissSupersampleCount:4]]
[2019.05.28-18.05.17:349][  0]LogConfig: Setting CVar [[r.LightMaxDrawDistanceScale:1]]
[2019.05.28-18.05.17:349][  0]LogConfig: Setting CVar [[r.CapsuleShadows:1]]
[2019.05.28-18.05.17:349][  0]LogConfig: Applying CVar settings from Section [PostProcessQuality@3] File [C:/Users/u1067338/Documents/GitHub/SummerAssetPipe/Unreal/Unreal Projects/Saved/Config/Windows/Scalability.ini]
[2019.05.28-18.05.17:349][  0]LogConfig: Setting CVar [[r.MotionBlurQuality:4]]
[2019.05.28-18.05.17:349][  0]LogConfig: Setting CVar [[r.AmbientOcclusionMipLevelFactor:0.4]]
[2019.05.28-18.05.17:349][  0]LogConfig: Setting CVar [[r.AmbientOcclusionMaxQuality:100]]
[2019.05.28-18.05.17:349][  0]LogConfig: Setting CVar [[r.AmbientOcclusionLevels:-1]]
[2019.05.28-18.05.17:349][  0]LogConfig: Setting CVar [[r.AmbientOcclusionRadiusScale:1.0]]
[2019.05.28-18.05.17:349][  0]LogConfig: Setting CVar [[r.DepthOfFieldQuality:2]]
[2019.05.28-18.05.17:349][  0]LogConfig: Setting CVar [[r.RenderTargetPoolMin:400]]
[2019.05.28-18.05.17:349][  0]LogConfig: Setting CVar [[r.LensFlareQuality:2]]
[2019.05.28-18.05.17:349][  0]LogConfig: Setting CVar [[r.SceneColorFringeQuality:1]]
[2019.05.28-18.05.17:349][  0]LogConfig: Setting CVar [[r.EyeAdaptationQuality:2]]
[2019.05.28-18.05.17:349][  0]LogConfig: Setting CVar [[r.BloomQuality:5]]
[2019.05.28-18.05.17:349][  0]LogConfig: Setting CVar [[r.FastBlurThreshold:100]]
[2019.05.28-18.05.17:349][  0]LogConfig: Setting CVar [[r.Upscale.Quality:3]]
[2019.05.28-18.05.17:349][  0]LogConfig: Setting CVar [[r.Tonemapper.GrainQuantization:1]]
[2019.05.28-18.05.17:349][  0]LogConfig: Setting CVar [[r.LightShaftQuality:1]]
[2019.05.28-18.05.17:349][  0]LogConfig: Setting CVar [[r.Filter.SizeScale:1]]
[2019.05.28-18.05.17:349][  0]LogConfig: Setting CVar [[r.Tonemapper.Quality:5]]
[2019.05.28-18.05.17:349][  0]LogConfig: Setting CVar [[r.DOF.Gather.AccumulatorQuality:1        ; higher gathering accumulator quality]]
[2019.05.28-18.05.17:349][  0]LogConfig: Setting CVar [[r.DOF.Gather.PostfilterMethod:1          ; Median3x3 postfilering method]]
[2019.05.28-18.05.17:349][  0]LogConfig: Setting CVar [[r.DOF.Gather.EnableBokehSettings:0       ; no bokeh simulation when gathering]]
[2019.05.28-18.05.17:349][  0]LogConfig: Setting CVar [[r.DOF.Gather.RingCount:4                 ; medium number of samples when gathering]]
[2019.05.28-18.05.17:349][  0]LogConfig: Setting CVar [[r.DOF.Scatter.ForegroundCompositing:1    ; additive foreground scattering]]
[2019.05.28-18.05.17:349][  0]LogConfig: Setting CVar [[r.DOF.Scatter.BackgroundCompositing:2    ; additive background scattering]]
[2019.05.28-18.05.17:349][  0]LogConfig: Setting CVar [[r.DOF.Scatter.EnableBokehSettings:1      ; bokeh simulation when scattering]]
[2019.05.28-18.05.17:349][  0]LogConfig: Setting CVar [[r.DOF.Scatter.MaxSpriteRatio:0.1         ; only a maximum of 10% of scattered bokeh]]
[2019.05.28-18.05.17:349][  0]LogConfig: Setting CVar [[r.DOF.Recombine.Quality:1                ; cheap slight out of focus]]
[2019.05.28-18.05.17:349][  0]LogConfig: Setting CVar [[r.DOF.Recombine.EnableBokehSettings:0    ; no bokeh simulation on slight out of focus]]
[2019.05.28-18.05.17:349][  0]LogConfig: Setting CVar [[r.DOF.TemporalAAQuality:1                ; more stable temporal accumulation]]
[2019.05.28-18.05.17:349][  0]LogConfig: Setting CVar [[r.DOF.Kernel.MaxForegroundRadius:0.025]]
[2019.05.28-18.05.17:349][  0]LogConfig: Setting CVar [[r.DOF.Kernel.MaxBackgroundRadius:0.025]]
[2019.05.28-18.05.17:349][  0]LogConfig: Applying CVar settings from Section [TextureQuality@3] File [C:/Users/u1067338/Documents/GitHub/SummerAssetPipe/Unreal/Unreal Projects/Saved/Config/Windows/Scalability.ini]
[2019.05.28-18.05.17:349][  0]LogConfig: Setting CVar [[r.Streaming.MipBias:0]]
[2019.05.28-18.05.17:349][  0]LogConfig: Setting CVar [[r.Streaming.AmortizeCPUToGPUCopy:0]]
[2019.05.28-18.05.17:349][  0]LogConfig: Setting CVar [[r.Streaming.MaxNumTexturesToStreamPerFrame:0]]
[2019.05.28-18.05.17:349][  0]LogConfig: Setting CVar [[r.Streaming.Boost:1]]
[2019.05.28-18.05.17:349][  0]LogConfig: Setting CVar [[r.MaxAnisotropy:8]]
[2019.05.28-18.05.17:349][  0]LogConfig: Setting CVar [[r.Streaming.LimitPoolSizeToVRAM:0]]
[2019.05.28-18.05.17:349][  0]LogConfig: Setting CVar [[r.Streaming.PoolSize:1000]]
[2019.05.28-18.05.17:349][  0]LogConfig: Setting CVar [[r.Streaming.MaxEffectiveScreenSize:0]]
[2019.05.28-18.05.17:349][  0]LogConfig: Applying CVar settings from Section [EffectsQuality@3] File [C:/Users/u1067338/Documents/GitHub/SummerAssetPipe/Unreal/Unreal Projects/Saved/Config/Windows/Scalability.ini]
[2019.05.28-18.05.17:349][  0]LogConfig: Setting CVar [[r.TranslucencyLightingVolumeDim:64]]
[2019.05.28-18.05.17:349][  0]LogConfig: Setting CVar [[r.RefractionQuality:2]]
[2019.05.28-18.05.17:349][  0]LogConfig: Setting CVar [[r.SSR.Quality:3]]
[2019.05.28-18.05.17:349][  0]LogConfig: Setting CVar [[r.SceneColorFormat:4]]
[2019.05.28-18.05.17:349][  0]LogConfig: Setting CVar [[r.DetailMode:2]]
[2019.05.28-18.05.17:349][  0]LogConfig: Setting CVar [[r.TranslucencyVolumeBlur:1]]
[2019.05.28-18.05.17:349][  0]LogConfig: Setting CVar [[r.MaterialQualityLevel:1 ; High quality]]
[2019.05.28-18.05.17:349][  0]LogConfig: Setting CVar [[r.SSS.Scale:1]]
[2019.05.28-18.05.17:349][  0]LogConfig: Setting CVar [[r.SSS.SampleSet:2]]
[2019.05.28-18.05.17:349][  0]LogConfig: Setting CVar [[r.SSS.Quality:1]]
[2019.05.28-18.05.17:349][  0]LogConfig: Setting CVar [[r.SSS.HalfRes:1]]
[2019.05.28-18.05.17:349][  0]LogConfig: Setting CVar [[r.EmitterSpawnRateScale:1.0]]
[2019.05.28-18.05.17:350][  0]LogConfig: Setting CVar [[r.ParticleLightQuality:2]]
[2019.05.28-18.05.17:350][  0]LogConfig: Applying CVar settings from Section [FoliageQuality@3] File [C:/Users/u1067338/Documents/GitHub/SummerAssetPipe/Unreal/Unreal Projects/Saved/Config/Windows/Scalability.ini]
[2019.05.28-18.05.17:350][  0]LogConfig: Setting CVar [[foliage.DensityScale:1.0]]
[2019.05.28-18.05.17:350][  0]LogConfig: Setting CVar [[grass.DensityScale:1.0]]
[2019.05.28-18.05.17:350][  0]LogConfig: Applying CVar settings from Section [Startup] File [../../../Engine/Config/ConsoleVariables.ini]
[2019.05.28-18.05.17:350][  0]LogConfig: Setting CVar [[net.UseAdaptiveNetUpdateFrequency:0]]
[2019.05.28-18.05.17:350][  0]LogConfig: Applying CVar settings from Section [ConsoleVariables] File [C:/Users/u1067338/Documents/GitHub/SummerAssetPipe/Unreal/Unreal Projects/Saved/Config/Windows/Engine.ini]
[2019.05.28-18.05.17:350][  0]LogInit: Computer: eae-n-032
[2019.05.28-18.05.17:350][  0]LogInit: User: u1067338
[2019.05.28-18.05.17:350][  0]LogInit: CPU Page size=4096, Cores=4
[2019.05.28-18.05.17:350][  0]LogInit: High frequency timer resolution =3.023442 MHz
[2019.05.28-18.05.17:350][  0]LogMemory: Memory total: Physical=15.9GB (16GB approx)
[2019.05.28-18.05.17:350][  0]LogMemory: Platform Memory Stats for Windows
[2019.05.28-18.05.17:350][  0]LogMemory: Process Physical Memory: 101.83 MB used, 101.83 MB peak
[2019.05.28-18.05.17:350][  0]LogMemory: Process Virtual Memory: 91.22 MB used, 91.22 MB peak
[2019.05.28-18.05.17:350][  0]LogMemory: Physical Memory: 8415.57 MB used,  7887.88 MB free, 16303.46 MB total
[2019.05.28-18.05.17:350][  0]LogMemory: Virtual Memory: 4647.91 MB used,  134213080.00 MB free, 134217728.00 MB total
[2019.05.28-18.05.17:369][  0]LogInit: Using OS detected language (en-US).
[2019.05.28-18.05.17:369][  0]LogInit: Using OS detected locale (en-US).
[2019.05.28-18.05.17:370][  0]LogTextLocalizationManager: No specific localization for 'en-US' exists, so the 'en' localization will be used.
[2019.05.28-18.05.17:760][  0]LogStreaming: Display: Took  0.391s to InitEngineTextLocalization.
[2019.05.28-18.05.17:761][  0]LogInit: Setting process to per monitor DPI aware
[2019.05.28-18.05.17:796][  0]LogSlate: New Slate User Created.  User Index 0, Is Virtual User: 0
[2019.05.28-18.05.17:796][  0]LogSlate: Slate User Registered.  User Index 0, Is Virtual User: 0
[2019.05.28-18.05.17:974][  0]LogHMD: Failed to initialize OpenVR with code 110
[2019.05.28-18.05.17:974][  0]LogD3D11RHI: D3D11 adapters:
[2019.05.28-18.05.18:012][  0]LogD3D11RHI:    0. 'Radeon RX Vega M GH Graphics' (Feature Level 11_0)
[2019.05.28-18.05.18:012][  0]LogD3D11RHI:       4042/0/8151 MB DedicatedVideo/DedicatedSystem/SharedSystem, Outputs:1, VendorId:0x1002
[2019.05.28-18.05.18:024][  0]LogD3D11RHI:    1. 'Intel(R) HD Graphics 630' (Feature Level 11_0)
[2019.05.28-18.05.18:024][  0]LogD3D11RHI:       128/0/8151 MB DedicatedVideo/DedicatedSystem/SharedSystem, Outputs:0, VendorId:0x8086
[2019.05.28-18.05.18:026][  0]LogD3D11RHI:    2. 'Microsoft Basic Render Driver' (Feature Level 11_0)
[2019.05.28-18.05.18:026][  0]LogD3D11RHI:       0/0/8151 MB DedicatedVideo/DedicatedSystem/SharedSystem, Outputs:0, VendorId:0x1414
[2019.05.28-18.05.18:026][  0]LogD3D11RHI: Chosen D3D11 Adapter: 0
[2019.05.28-18.05.18:033][  0]LogD3D11RHI: Creating new Direct3DDevice
[2019.05.28-18.05.18:033][  0]LogD3D11RHI:     GPU DeviceId: 0x694c (for the marketing name, search the web for "GPU Device Id")
[2019.05.28-18.05.18:033][  0]LogWindows: EnumDisplayDevices:
[2019.05.28-18.05.18:033][  0]LogWindows:    0. 'Radeon RX Vega M GH Graphics' (P:1 D:1)
[2019.05.28-18.05.18:034][  0]LogWindows:    1. 'Radeon RX Vega M GH Graphics' (P:0 D:0)
[2019.05.28-18.05.18:034][  0]LogWindows:    2. 'Radeon RX Vega M GH Graphics' (P:0 D:0)
[2019.05.28-18.05.18:034][  0]LogWindows:    3. 'Radeon RX Vega M GH Graphics' (P:0 D:0)
[2019.05.28-18.05.18:034][  0]LogWindows:    4. 'Radeon RX Vega M GH Graphics' (P:0 D:0)
[2019.05.28-18.05.18:034][  0]LogWindows:    5. 'Radeon RX Vega M GH Graphics' (P:0 D:0)
[2019.05.28-18.05.18:035][  0]LogWindows:    6. 'Radeon RX Vega M GH Graphics' (P:0 D:0)
[2019.05.28-18.05.18:035][  0]LogWindows:    7. 'Radeon RX Vega M GH Graphics' (P:0 D:0)
[2019.05.28-18.05.18:035][  0]LogWindows:    8. 'Intel(R) HD Graphics 630' (P:0 D:0)
[2019.05.28-18.05.18:035][  0]LogWindows:    9. 'Intel(R) HD Graphics 630' (P:0 D:0)
[2019.05.28-18.05.18:035][  0]LogWindows: DebugString: PrimaryIsNotTheChoosenAdapter PrimaryIsNotTheChoosenAdapter FoundDriverCount:8 
[2019.05.28-18.05.18:036][  0]LogD3D11RHI:     Adapter Name: Radeon RX Vega M GH Graphics
[2019.05.28-18.05.18:036][  0]LogD3D11RHI:   Driver Version: Adrenalin 19 18.12.2 (internal:25.20.15002.58, unified:25.20.15002.58)
[2019.05.28-18.05.18:036][  0]LogD3D11RHI:      Driver Date: 12-6-2018
[2019.05.28-18.05.18:036][  0]LogRHI: Texture pool is 2829 MB (70% of 4042 MB)
[2019.05.28-18.05.18:096][  0]LogD3D11RHI: Async texture creation enabled
[2019.05.28-18.05.18:106][  0]LogD3D11RHI: GPU Timing Frequency: 25.000000 (Debug: 2 1)
[2019.05.28-18.05.18:857][  0]LogTemp: Display: Loaded TP AllDesktopTargetPlatform
[2019.05.28-18.05.18:868][  0]LogTemp: Display: Loaded TP MacClientTargetPlatform
[2019.05.28-18.05.18:880][  0]LogTemp: Display: Loaded TP MacNoEditorTargetPlatform
[2019.05.28-18.05.18:890][  0]LogTemp: Display: Loaded TP MacServerTargetPlatform
[2019.05.28-18.05.18:901][  0]LogTemp: Display: Loaded TP MacTargetPlatform
[2019.05.28-18.05.18:912][  0]LogTemp: Display: Loaded TP WindowsClientTargetPlatform
[2019.05.28-18.05.18:924][  0]LogTemp: Display: Loaded TP WindowsNoEditorTargetPlatform
[2019.05.28-18.05.18:936][  0]LogTemp: Display: Loaded TP WindowsServerTargetPlatform
[2019.05.28-18.05.18:942][  0]LogTemp: Display: Loaded TP WindowsTargetPlatform
[2019.05.28-18.05.19:006][  0]LogTemp: Display: Loaded TP AndroidTargetPlatform
[2019.05.28-18.05.19:006][  0]LogTemp: Display: Loaded TP AndroidTargetPlatform
[2019.05.28-18.05.19:006][  0]LogTemp: Display: Loaded TP AndroidTargetPlatform
[2019.05.28-18.05.19:006][  0]LogTemp: Display: Loaded TP AndroidTargetPlatform
[2019.05.28-18.05.19:006][  0]LogTemp: Display: Loaded TP AndroidTargetPlatform
[2019.05.28-18.05.19:006][  0]LogTemp: Display: Loaded TP AndroidTargetPlatform
[2019.05.28-18.05.19:006][  0]LogTemp: Display: Loaded TP AndroidTargetPlatform
[2019.05.28-18.05.19:006][  0]LogTemp: Display: Loaded TP AndroidTargetPlatform
[2019.05.28-18.05.19:006][  0]LogTemp: Display: Loaded TP AndroidTargetPlatform
[2019.05.28-18.05.19:006][  0]LogTemp: Display: Loaded TP AndroidTargetPlatform
[2019.05.28-18.05.19:006][  0]LogTemp: Display: Loaded TP AndroidTargetPlatform
[2019.05.28-18.05.19:006][  0]LogTemp: Display: Loaded TP AndroidTargetPlatform
[2019.05.28-18.05.19:006][  0]LogTemp: Display: Loaded TP AndroidTargetPlatform
[2019.05.28-18.05.19:006][  0]LogTemp: Display: Loaded TP AndroidTargetPlatform
[2019.05.28-18.05.19:006][  0]LogTemp: Display: Loaded TP AndroidTargetPlatform
[2019.05.28-18.05.19:006][  0]LogTemp: Display: Loaded TP AndroidTargetPlatform
[2019.05.28-18.05.19:006][  0]LogTemp: Display: Loaded TP AndroidTargetPlatform
[2019.05.28-18.05.19:006][  0]LogTemp: Display: Loaded TP AndroidTargetPlatform
[2019.05.28-18.05.19:007][  0]LogTemp: Display: Loaded TP HTML5TargetPlatform
[2019.05.28-18.05.19:066][  0]LogTemp: Display: Loaded TP IOSTargetPlatform
[2019.05.28-18.05.19:066][  0]LogTemp: Display: Loaded TP IOSTargetPlatform
[2019.05.28-18.05.19:087][  0]LogTemp: Display: Loaded TP TVOSTargetPlatform
[2019.05.28-18.05.19:087][  0]LogTemp: Display: Loaded TP TVOSTargetPlatform
[2019.05.28-18.05.19:099][  0]LogTemp: Display: Loaded TP LinuxClientTargetPlatform
[2019.05.28-18.05.19:111][  0]LogTemp: Display: Loaded TP LinuxNoEditorTargetPlatform
[2019.05.28-18.05.19:122][  0]LogTemp: Display: Loaded TP LinuxServerTargetPlatform
[2019.05.28-18.05.19:134][  0]LogTemp: Display: Loaded TP LinuxTargetPlatform
[2019.05.28-18.05.19:174][  0]LogTemp: Display: Loaded TP LuminTargetPlatform
[2019.05.28-18.05.19:174][  0]LogTemp: Display: Loaded TP LuminTargetPlatform
[2019.05.28-18.05.19:174][  0]LogTargetPlatformManager: Display: Building Assets For Windows
[2019.05.28-18.05.19:228][  0]LogShaderCompilers: Guid format shader working directory is -39 characters bigger than the processId version (../../../../../../Users/u1067338/Documents/GitHub/SummerAssetPipe/Unreal/Unreal Projects/Intermediate/Shaders/WorkingDirectory/2300/).
[2019.05.28-18.05.19:228][  0]LogShaderCompilers: Cleaned the shader compiler working directory 'C:/Users/u1067338/AppData/Local/Temp/UnrealShaderWorkingDir/A5EBE8A24C58B7D43B1CEE89B3DF50F6/'.
[2019.05.28-18.05.19:230][  0]LogXGEController: Cannot use XGE Controller as Incredibuild is not installed on this machine.
[2019.05.28-18.05.19:230][  0]LogShaderCompilers: Cannot use XGE Shader Compiler as Incredibuild is not installed on this machine.
[2019.05.28-18.05.19:230][  0]LogShaderCompilers: Display: Using Local Shader Compiler.
[2019.05.28-18.05.19:727][  0]LogDerivedDataCache: Display: Max Cache Size: 512 MB
[2019.05.28-18.05.19:778][  0]LogDerivedDataCache: Loaded boot cache 0.05s 71MB C:/Users/u1067338/AppData/Local/UnrealEngine/4.21/DerivedDataCache/Boot.ddc.
[2019.05.28-18.05.19:778][  0]LogDerivedDataCache: Display: Loaded Boot cache: C:/Users/u1067338/AppData/Local/UnrealEngine/4.21/DerivedDataCache/Boot.ddc
[2019.05.28-18.05.19:778][  0]LogDerivedDataCache: FDerivedDataBackendGraph:  Pak pak cache file ../../../../../../Users/u1067338/Documents/GitHub/SummerAssetPipe/Unreal/Unreal Projects/DerivedDataCache/DDC.ddp not found, will not use a pak cache.
[2019.05.28-18.05.19:778][  0]LogDerivedDataCache: Unable to find inner node Pak for hierarchical cache Hierarchy.
[2019.05.28-18.05.19:778][  0]LogDerivedDataCache: FDerivedDataBackendGraph:  CompressedPak pak cache file ../../../../../../Users/u1067338/Documents/GitHub/SummerAssetPipe/Unreal/Unreal Projects/DerivedDataCache/Compressed.ddp not found, will not use a pak cache.
[2019.05.28-18.05.19:778][  0]LogDerivedDataCache: Unable to find inner node CompressedPak for hierarchical cache Hierarchy.
[2019.05.28-18.05.19:792][  0]LogDerivedDataCache: Display: Pak cache opened for reading ../../../Engine/DerivedDataCache/Compressed.ddp.
[2019.05.28-18.05.19:792][  0]LogDerivedDataCache: FDerivedDataBackendGraph:  EnterprisePak pak cache file ../../../Enterprise/DerivedDataCache/Compressed.ddp not found, will not use a pak cache.
[2019.05.28-18.05.19:792][  0]LogDerivedDataCache: Unable to find inner node EnterprisePak for hierarchical cache Hierarchy.
[2019.05.28-18.05.19:804][  0]LogDerivedDataCache: Using Local data cache path C:/Users/u1067338/AppData/Local/UnrealEngine/Common/DerivedDataCache: Writable
[2019.05.28-18.05.19:804][  0]LogDerivedDataCache: Shared data cache path not found in *engine.ini, will not use an Shared cache.
[2019.05.28-18.05.19:804][  0]LogDerivedDataCache: Unable to find inner node Shared for hierarchical cache Hierarchy.
[2019.05.28-18.05.19:825][  0]LogMaterial: Verifying Global Shaders for PCD3D_SM5
[2019.05.28-18.05.19:826][  0]LogSlate: Using FreeType 2.6.0
[2019.05.28-18.05.19:827][  0]LogSlate: SlateFontServices - WITH_FREETYPE: 1, WITH_HARFBUZZ: 1
[2019.05.28-18.05.19:907][  0]LogAssetRegistry: FAssetRegistry took 0.0321 seconds to start up
[2019.05.28-18.05.20:210][  0]LogInit: Selected Device Profile: [Windows]
[2019.05.28-18.05.20:347][  0]LogSimplygon: Simplygon DLL not present - disabling.
[2019.05.28-18.05.20:350][  0]LogMeshReduction: Using SimplygonSwarm for distributed automatic mesh merging
[2019.05.28-18.05.20:350][  0]LogMeshReduction: Using ProxyLODMeshReduction for automatic mesh merging
[2019.05.28-18.05.20:350][  0]LogMeshReduction: Using QuadricMeshReduction for automatic static mesh reduction
[2019.05.28-18.05.20:350][  0]LogMeshReduction: No automatic skeletal mesh reduction module available
[2019.05.28-18.05.20:362][  0]LogNetVersion: SummerProject_1 1.0.0, NetCL: 4541578, EngineNetVer: 5, GameNetVer: 0 (Checksum: 1945942982)
[2019.05.28-18.05.20:920][  0]LogPackageLocalizationCache: Processed 11 localized package path(s) for 2 prioritized culture(s) in 0.120253 seconds
[2019.05.28-18.05.20:927][  0]LogUObjectArray: 39775 objects as part of root set at end of initial load.
[2019.05.28-18.05.20:927][  0]LogUObjectAllocator: 6914664 out of 0 bytes used by permanent object pool.
[2019.05.28-18.05.20:927][  0]LogUObjectArray: CloseDisregardForGC: 0/0 objects in disregard for GC pool
[2019.05.28-18.05.21:775][  0]LogTcpMessaging: Initializing TcpMessaging bridge
[2019.05.28-18.05.21:789][  0]LogUdpMessaging: Initializing bridge on interface 0.0.0.0:0 to multicast group 230.0.0.1:6666.
[2019.05.28-18.05.22:420][  0]SourceControl: Source control is disabled
[2019.05.28-18.05.22:420][  0]SourceControl: Source control is disabled
[2019.05.28-18.05.22:421][  0]SourceControl: Source control is disabled
[2019.05.28-18.05.22:422][  0]SourceControl: Source control is disabled
[2019.05.28-18.05.22:593][  0]LogAndroidPermission: UAndroidPermissionCallbackProxy::GetInstance
[2019.05.28-18.05.22:677][  0]LogOcInput: OculusInput pre-init called
[2019.05.28-18.05.22:814][  0]LogEngine: Initializing Engine...
[2019.05.28-18.05.22:815][  0]LogHMD: Failed to initialize OpenVR with code 110
[2019.05.28-18.05.22:816][  0]LogStats: UGameplayTagsManager::ConstructGameplayTagTree: ImportINI prefixes -  0.000 s
[2019.05.28-18.05.22:816][  0]LogStats: UGameplayTagsManager::ConstructGameplayTagTree: Construct from data asset -  0.000 s
[2019.05.28-18.05.22:816][  0]LogStats: UGameplayTagsManager::ConstructGameplayTagTree: ImportINI -  0.000 s
[2019.05.28-18.05.22:816][  0]LogStats: UGameplayTagsManager::ConstructGameplayTagTree: GameplayTagTreeChangedEvent.Broadcast -  0.000 s
[2019.05.28-18.05.23:070][  0]LogInit: Initializing FReadOnlyCVARCache
[2019.05.28-18.05.23:089][  0]LogAIModule: Creating AISystem for world Untitled
[2019.05.28-18.05.23:148][  0]LogInit: XAudio2 using '1 - CintiqPro24P (AMD High Definition Audio Device)' : 2 channels at 48 kHz using 16 bits per sample (channel mask 0x3)
[2019.05.28-18.05.23:179][  0]LogInit: FAudioDevice initialized.
[2019.05.28-18.05.23:179][  0]LogNetVersion: Set ProjectVersion to 1.0.0.0. Version Checksum will be recalculated on next use.
[2019.05.28-18.05.23:284][  0]LogDerivedDataCache: Saved boot cache 0.10s 71MB C:/Users/u1067338/AppData/Local/UnrealEngine/4.21/DerivedDataCache/Boot.ddc.
[2019.05.28-18.05.23:290][  0]LogInit: Texture streaming: Enabled
[2019.05.28-18.05.23:311][  0]LogEngineSessionManager: EngineSessionManager initialized
[2019.05.28-18.05.23:328][  0]LogInit: Transaction tracking system initialized
[2019.05.28-18.05.23:353][  0]BlueprintLog: New page: Editor Load
[2019.05.28-18.05.23:432][  0]LocalizationService: Localization service is disabled
[2019.05.28-18.05.23:909][  0]LogFileCache: Scanning file cache for directory 'C:/Users/u1067338/Documents/GitHub/SummerAssetPipe/Unreal/Unreal Projects/Content/' took 0.02s
[2019.05.28-18.05.23:909][  0]LogCook: Display: Max memory allowance for cook 16384mb min free memory 0mb
[2019.05.28-18.05.23:909][  0]LogCook: Display: Mobile HDR setting 1
[2019.05.28-18.05.23:909][  0]LogGameplayTags: Display: UGameplayTagsManager::DoneAddingNativeTags. DelegateIsBound: 0
[2019.05.28-18.05.23:909][  0]LogStats: UGameplayTagsManager::ConstructGameplayTagTree: ImportINI prefixes -  0.000 s
[2019.05.28-18.05.23:909][  0]LogStats: UGameplayTagsManager::ConstructGameplayTagTree: Construct from data asset -  0.000 s
[2019.05.28-18.05.23:909][  0]LogStats: UGameplayTagsManager::ConstructGameplayTagTree: ImportINI -  0.000 s
[2019.05.28-18.05.23:909][  0]LogStats: UGameplayTagsManager::ConstructGameplayTagTree: GameplayTagTreeChangedEvent.Broadcast -  0.000 s
[2019.05.28-18.05.24:055][  0]SourceControl: Source control is disabled
[2019.05.28-18.05.24:055][  0]Cmd: MAP LOAD FILE="../../../../../../Users/u1067338/Documents/GitHub/SummerAssetPipe/Unreal/Unreal Projects/Content/StarterContent/Maps/Minimal_Default.umap" TEMPLATE=0 SHOWPROGRESS=1 FEATURELEVEL=3
[2019.05.28-18.05.24:055][  0]LogEditorServer: Warning: Can't find file '../../../../../../Users/u1067338/Documents/GitHub/SummerAssetPipe/Unreal/Unreal Projects/Content/StarterContent/Maps/Minimal_Default.umap'
[2019.05.28-18.05.24:056][  0]Cmd: MAP CHECKDEP NOCLEARLOG
[2019.05.28-18.05.24:056][  0]MapCheck: Map check complete: 0 Error(s), 0 Warning(s), took 0.141ms to complete.
[2019.05.28-18.05.24:056][  0]LogFileHelpers: Loading map 'Minimal_Default' took 0.001
[2019.05.28-18.05.24:167][  0]LogSlate: Updating window title bar state: overlay mode, drag disabled, window buttons hidden, title bar hidden
[2019.05.28-18.05.24:176][  0]LogSlate: Updating window title bar state: overlay mode, drag disabled, window buttons hidden, title bar hidden
[2019.05.28-18.05.24:184][  0]LogSlate: Updating window title bar state: overlay mode, drag disabled, window buttons hidden, title bar hidden
[2019.05.28-18.05.24:191][  0]LogSlate: Updating window title bar state: overlay mode, drag disabled, window buttons hidden, title bar hidden
[2019.05.28-18.05.24:211][  0]LogCollectionManager: Loaded 0 collections in 0.001844 seconds
[2019.05.28-18.05.24:250][  0]LogFileCache: Scanning file cache for directory 'C:/Users/u1067338/Documents/GitHub/SummerAssetPipe/Unreal/Unreal Projects/Saved/Collections/' took 0.01s
[2019.05.28-18.05.24:250][  0]LogFileCache: Scanning file cache for directory 'C:/Users/u1067338/Documents/GitHub/SummerAssetPipe/Unreal/Unreal Projects/Content/Developers/u1067338/Collections/' took 0.00s
[2019.05.28-18.05.24:250][  0]LogFileCache: Scanning file cache for directory 'C:/Users/u1067338/Documents/GitHub/SummerAssetPipe/Unreal/Unreal Projects/Content/Collections/' took 0.00s
[2019.05.28-18.05.24:250][  0]LogCollectionManager: Rebuilt the GUID cache for 0 collections in 0.000000 seconds
[2019.05.28-18.05.24:261][  0]LogContentBrowser: Native class hierarchy populated in 0.0083 seconds. Added 2651 classes and 620 folders.
[2019.05.28-18.05.24:281][  0]LogContentBrowser: Native class hierarchy updated for 'WidgetCarousel' in 0.0002 seconds. Added 0 classes and 0 folders.
[2019.05.28-18.05.24:289][  0]LogPakFile: Registered encryption key '00000000000000000000000000000000': 0 pak files mounted, 0 remain pending
[2019.05.28-18.05.24:295][  0]LogPakFile: Registered encryption key '00000000000000000000000000000000': 0 pak files mounted, 0 remain pending
[2019.05.28-18.05.24:308][  0]LogPakFile: Registered encryption key '00000000000000000000000000000000': 0 pak files mounted, 0 remain pending
[2019.05.28-18.05.24:314][  0]LogPakFile: Registered encryption key '00000000000000000000000000000000': 0 pak files mounted, 0 remain pending
[2019.05.28-18.05.24:319][  0]LogPakFile: Registered encryption key '00000000000000000000000000000000': 0 pak files mounted, 0 remain pending
[2019.05.28-18.05.24:324][  0]LogPakFile: Registered encryption key '00000000000000000000000000000000': 0 pak files mounted, 0 remain pending
[2019.05.28-18.05.24:328][  0]LogPakFile: Registered encryption key '00000000000000000000000000000000': 0 pak files mounted, 0 remain pending
[2019.05.28-18.05.24:333][  0]LogPakFile: Registered encryption key '00000000000000000000000000000000': 0 pak files mounted, 0 remain pending
[2019.05.28-18.05.24:339][  0]LogPakFile: Registered encryption key '00000000000000000000000000000000': 0 pak files mounted, 0 remain pending
[2019.05.28-18.05.24:344][  0]LogPakFile: Registered encryption key '00000000000000000000000000000000': 0 pak files mounted, 0 remain pending
[2019.05.28-18.05.24:349][  0]LogPakFile: Registered encryption key '00000000000000000000000000000000': 0 pak files mounted, 0 remain pending
[2019.05.28-18.05.24:353][  0]LogPakFile: Registered encryption key '00000000000000000000000000000000': 0 pak files mounted, 0 remain pending
[2019.05.28-18.05.24:358][  0]LogPakFile: Registered encryption key '00000000000000000000000000000000': 0 pak files mounted, 0 remain pending
[2019.05.28-18.05.24:363][  0]LogPakFile: Registered encryption key '00000000000000000000000000000000': 0 pak files mounted, 0 remain pending
[2019.05.28-18.05.24:367][  0]LogPakFile: Registered encryption key '00000000000000000000000000000000': 0 pak files mounted, 0 remain pending
[2019.05.28-18.05.24:372][  0]LogPakFile: Registered encryption key '00000000000000000000000000000000': 0 pak files mounted, 0 remain pending
[2019.05.28-18.05.24:390][  0]LogPakFile: Registered encryption key '00000000000000000000000000000000': 0 pak files mounted, 0 remain pending
[2019.05.28-18.05.24:396][  0]LogPakFile: Registered encryption key '00000000000000000000000000000000': 0 pak files mounted, 0 remain pending
[2019.05.28-18.05.24:402][  0]LogPakFile: Registered encryption key '00000000000000000000000000000000': 0 pak files mounted, 0 remain pending
[2019.05.28-18.05.24:408][  0]LogPakFile: Registered encryption key '00000000000000000000000000000000': 0 pak files mounted, 0 remain pending
[2019.05.28-18.05.24:430][  0]LogPakFile: Registered encryption key '00000000000000000000000000000000': 0 pak files mounted, 0 remain pending
[2019.05.28-18.05.24:435][  0]LogPakFile: Registered encryption key '00000000000000000000000000000000': 0 pak files mounted, 0 remain pending
[2019.05.28-18.05.24:440][  0]LogPakFile: Registered encryption key '00000000000000000000000000000000': 0 pak files mounted, 0 remain pending
[2019.05.28-18.05.24:446][  0]LogPakFile: Registered encryption key '00000000000000000000000000000000': 0 pak files mounted, 0 remain pending
[2019.05.28-18.05.24:450][  0]LogPakFile: Registered encryption key '00000000000000000000000000000000': 0 pak files mounted, 0 remain pending
[2019.05.28-18.05.24:455][  0]LogPakFile: Registered encryption key '00000000000000000000000000000000': 0 pak files mounted, 0 remain pending
[2019.05.28-18.05.24:634][  0]LogContentBrowser: Native class hierarchy updated for 'AddContentDialog' in 0.0002 seconds. Added 0 classes and 0 folders.
[2019.05.28-18.05.24:648][  0]LogContentBrowser: Native class hierarchy updated for 'SceneOutliner' in 0.0003 seconds. Added 1 classes and 2 folders.
[2019.05.28-18.05.24:678][  0]LogSlate: Took 0.000149 seconds to synchronously load lazily loaded font '../../../Engine/Content/Slate/Fonts/Roboto-Regular.ttf' (155K)
[2019.05.28-18.05.24:682][  0]LogSlate: Took 0.000206 seconds to synchronously load lazily loaded font '../../../Engine/Content/Slate/Fonts/Roboto-Bold.ttf' (160K)
[2019.05.28-18.05.24:691][  0]LogSlate: Took 0.006386 seconds to synchronously load lazily loaded font '../../../Engine/Content/Editor/Slate/Fonts/FontAwesome.ttf' (139K)
[2019.05.28-18.05.24:747][  0]LogRenderer: Reallocating scene render targets to support 1528x576 Format 10 NumSamples 1 (Frame:1).
[2019.05.28-18.05.24:922][  0]LogContentBrowser: Native class hierarchy updated for 'HierarchicalLODOutliner' in 0.0003 seconds. Added 0 classes and 0 folders.
[2019.05.28-18.05.24:922][  0]LogLoad: (Engine Initialization) Total time: 9.31 seconds
[2019.05.28-18.05.24:922][  0]LogLoad: (Engine Initialization) Total Blueprint compile time: 0.00 seconds
[2019.05.28-18.05.24:933][  0]LogWindowsTextInputMethodSystem: Display: IME system now deactivated.
[2019.05.28-18.05.24:951][  0]LogContentStreaming: Texture pool size now 1000 MB
[2019.05.28-18.05.29:252][505]LogAssetRegistry: Asset discovery search completed in 9.3678 seconds
[2019.05.28-18.05.29:253][505]LogCollectionManager: Rebuilt the object cache for 0 collections in 0.000000 seconds (found 0 objects)
[2019.05.28-18.05.29:253][505]LogCollectionManager: Fixed up redirectors for 0 collections in 0.000037 seconds (updated 0 objects)
[2019.05.28-18.05.32:532][896]LogSlate: FSceneViewport::OnFocusLost() reason 2
[2019.05.28-18.05.33:147][968]LogSlate: FSceneViewport::OnFocusLost() reason 2
[2019.05.28-18.05.51:262][125]Cmd: MAP LOAD FILE="../../../../../../Users/u1067338/Documents/GitHub/SummerAssetPipe/Unreal/Unreal Projects/Content/Project_1_Github/StreetHouse.umap" TEMPLATE=0 SHOWPROGRESS=1 FEATURELEVEL=3
[2019.05.28-18.05.51:270][125]LogSlate: Took 0.005183 seconds to synchronously load lazily loaded font '../../../Engine/Content/Slate/Fonts/Roboto-Light.ttf' (167K)
[2019.05.28-18.05.51:283][125]LightingResults: New page: Lighting Build
[2019.05.28-18.05.51:286][125]LogContentBrowser: Native class hierarchy updated for 'StatsViewer' in 0.0003 seconds. Added 5 classes and 0 folders.
[2019.05.28-18.05.51:287][125]LoadErrors: New page: Loading map: StreetHouse.umap
[2019.05.28-18.05.51:288][125]MapCheck: New page: Map Check
[2019.05.28-18.05.51:288][125]LightingResults: New page: Lighting Build
[2019.05.28-18.05.51:732][125]LogTexture: Display: Building textures: HQ_Lightmap1_4 (AutoDXT, 64X64)
[2019.05.28-18.05.51:732][125]LogTexture: Display: Building textures: HQ_Lightmap1_3 (AutoDXT, 64X64)
[2019.05.28-18.05.51:732][125]LogTexture: Display: Building textures: LQ_Lightmap_1_4 (DXT1, 64X64)
[2019.05.28-18.05.51:732][125]LogTexture: Display: Building textures: LQ_Lightmap_1_3 (DXT1, 64X64)
[2019.05.28-18.05.51:732][125]LogTexture: Display: Building textures: LQ_Lightmap_1_1 (DXT1, 1024X1024)
[2019.05.28-18.05.51:732][125]LogTexture: Display: Building textures: ShadowMapTexture2D_4 (G8, 512X1024)
[2019.05.28-18.05.51:732][125]LogTexture: Display: Building textures: ShadowMapTexture2D_5 (G8, 1024X256)
[2019.05.28-18.05.51:732][125]LogTexture: Display: Building textures: HQ_Lightmap1_1 (AutoDXT, 1024X1024)
[2019.05.28-18.05.51:732][125]LogTexture: Display: Building textures: LQ_Lightmap_1_2 (DXT1, 1024X1024)
[2019.05.28-18.05.51:732][125]LogTexture: Display: Building textures: HQ_Lightmap1_2 (AutoDXT, 1024X1024)
[2019.05.28-18.05.51:732][125]LogTexture: Display: Building textures: ShadowMapTexture2D_6 (G8, 32X32)
[2019.05.28-18.05.51:732][125]LogTexture: Display: Building textures: ShadowMapTexture2D_7 (G8, 32X32)
[2019.05.28-18.05.51:744][125]LogStaticMesh: Building static mesh House_Draft_pCube18...
[2019.05.28-18.05.51:760][125]LogStaticMesh: Built static mesh [0.02s] /Game/Static_Meshes_Wood_Blocks/House_Draft_pCube18.House_Draft_pCube18
[2019.05.28-18.05.51:764][125]LogMaterial: Display: Missing cached shader map for material lambert1, compiling. 
[2019.05.28-18.05.51:852][125]LogShaderCompilers: Display: Shaders left to compile 31
[2019.05.28-18.05.51:852][125]LogShaderCompilers: Display: Shaders left to compile 21
[2019.05.28-18.05.51:852][125]LogShaderCompilers: Display: Shaders left to compile 11
[2019.05.28-18.05.51:852][125]LogShaderCompilers: Display: Shaders left to compile 1
[2019.05.28-18.05.51:852][125]LogStaticMesh: Building static mesh House_Draft_pCube30...
[2019.05.28-18.05.51:858][125]LogStaticMesh: Built static mesh [0.01s] /Game/Static_Meshes_Wood_Blocks/House_Draft_pCube30.House_Draft_pCube30
[2019.05.28-18.05.51:861][125]LogStaticMesh: Building static mesh House_Draft_pCube32...
[2019.05.28-18.05.51:865][125]LogStaticMesh: Built static mesh [0.00s] /Game/Static_Meshes_Wood_Blocks/House_Draft_pCube32.House_Draft_pCube32
[2019.05.28-18.05.51:868][125]LogStaticMesh: Building static mesh House_Draft_pCube33...
[2019.05.28-18.05.51:869][125]LogStaticMesh: Built static mesh [0.00s] /Game/Static_Meshes_Wood_Blocks/House_Draft_pCube33.House_Draft_pCube33
[2019.05.28-18.05.51:872][125]LogStaticMesh: Building static mesh House_Draft_pCube34...
[2019.05.28-18.05.51:876][125]LogStaticMesh: Built static mesh [0.01s] /Game/Static_Meshes_Wood_Blocks/House_Draft_pCube34.House_Draft_pCube34
[2019.05.28-18.05.51:952][125]LogStaticMesh: Building static mesh House_Draft_pCube1...
[2019.05.28-18.05.51:953][125]LogStaticMesh: Built static mesh [0.00s] /Game/Static_Meshes_Wood_Blocks/House_Draft_pCube1.House_Draft_pCube1
[2019.05.28-18.05.51:955][125]LogStaticMesh: Building static mesh House_Draft_pCube35...
[2019.05.28-18.05.51:957][125]LogStaticMesh: Built static mesh [0.00s] /Game/Static_Meshes_Wood_Blocks/House_Draft_pCube35.House_Draft_pCube35
[2019.05.28-18.05.51:960][125]LogStaticMesh: Building static mesh House_Draft_pCube36...
[2019.05.28-18.05.51:963][125]LogStaticMesh: Built static mesh [0.00s] /Game/Static_Meshes_Wood_Blocks/House_Draft_pCube36.House_Draft_pCube36
[2019.05.28-18.05.51:966][125]LogStaticMesh: Building static mesh House_Draft_pCube37...
[2019.05.28-18.05.51:968][125]LogStaticMesh: Built static mesh [0.00s] /Game/Static_Meshes_Wood_Blocks/House_Draft_pCube37.House_Draft_pCube37
[2019.05.28-18.05.51:970][125]LogStaticMesh: Building static mesh House_Draft_pCube38...
[2019.05.28-18.05.51:972][125]LogStaticMesh: Built static mesh [0.00s] /Game/Static_Meshes_Wood_Blocks/House_Draft_pCube38.House_Draft_pCube38
[2019.05.28-18.05.51:974][125]LogStaticMesh: Building static mesh House_Draft_pCube39...
[2019.05.28-18.05.51:975][125]LogStaticMesh: Built static mesh [0.00s] /Game/Static_Meshes_Wood_Blocks/House_Draft_pCube39.House_Draft_pCube39
[2019.05.28-18.05.51:981][125]LogStaticMesh: Building static mesh House_Draft_pCube40...
[2019.05.28-18.05.52:003][125]LogStaticMesh: Built static mesh [0.02s] /Game/Static_Meshes_Wood_Blocks/House_Draft_pCube40.House_Draft_pCube40
[2019.05.28-18.05.52:006][125]LogStaticMesh: Building static mesh House_Draft_pCube41...
[2019.05.28-18.05.52:008][125]LogStaticMesh: Built static mesh [0.00s] /Game/Static_Meshes_Wood_Blocks/House_Draft_pCube41.House_Draft_pCube41
[2019.05.28-18.05.52:012][125]LogStaticMesh: Building static mesh House_Draft_pCube42...
[2019.05.28-18.05.52:025][125]LogStaticMesh: Built static mesh [0.01s] /Game/Static_Meshes_Wood_Blocks/House_Draft_pCube42.House_Draft_pCube42
[2019.05.28-18.05.52:032][125]LogStaticMesh: Building static mesh House_Draft_pCube43...
[2019.05.28-18.05.52:047][125]LogStaticMesh: Built static mesh [0.02s] /Game/Static_Meshes_Wood_Blocks/House_Draft_pCube43.House_Draft_pCube43
[2019.05.28-18.05.52:051][125]LogStaticMesh: Building static mesh House_Draft_pCube44...
[2019.05.28-18.05.52:062][125]LogStaticMesh: Built static mesh [0.01s] /Game/Static_Meshes_Wood_Blocks/House_Draft_pCube44.House_Draft_pCube44
[2019.05.28-18.05.52:065][125]LogStaticMesh: Building static mesh House_Draft_pCube45...
[2019.05.28-18.05.52:073][125]LogStaticMesh: Built static mesh [0.01s] /Game/Static_Meshes_Wood_Blocks/House_Draft_pCube45.House_Draft_pCube45
[2019.05.28-18.05.52:076][125]LogStaticMesh: Building static mesh House_Draft_pCube46...
[2019.05.28-18.05.52:077][125]LogStaticMesh: Built static mesh [0.00s] /Game/Static_Meshes_Wood_Blocks/House_Draft_pCube46.House_Draft_pCube46
[2019.05.28-18.05.52:079][125]LogStaticMesh: Building static mesh House_Draft_pCube47...
[2019.05.28-18.05.52:081][125]LogStaticMesh: Built static mesh [0.00s] /Game/Static_Meshes_Wood_Blocks/House_Draft_pCube47.House_Draft_pCube47
[2019.05.28-18.05.52:083][125]LogStaticMesh: Building static mesh House_Draft_pCube48...
[2019.05.28-18.05.52:084][125]LogStaticMesh: Built static mesh [0.00s] /Game/Static_Meshes_Wood_Blocks/House_Draft_pCube48.House_Draft_pCube48
[2019.05.28-18.05.52:087][125]LogStaticMesh: Building static mesh House_Draft_pCube49...
[2019.05.28-18.05.52:089][125]LogStaticMesh: Built static mesh [0.00s] /Game/Static_Meshes_Wood_Blocks/House_Draft_pCube49.House_Draft_pCube49
[2019.05.28-18.05.52:091][125]LogStaticMesh: Building static mesh House_Draft_pCube50...
[2019.05.28-18.05.52:091][125]LogStaticMesh: Built static mesh [0.00s] /Game/Static_Meshes_Wood_Blocks/House_Draft_pCube50.House_Draft_pCube50
[2019.05.28-18.05.52:097][125]LogStaticMesh: Building static mesh House_Draft_pCube51...
[2019.05.28-18.05.52:118][125]LogStaticMesh: Built static mesh [0.02s] /Game/Static_Meshes_Wood_Blocks/House_Draft_pCube51.House_Draft_pCube51
[2019.05.28-18.05.52:125][125]LogStaticMesh: Building static mesh House_Draft_pCube52...
[2019.05.28-18.05.52:142][125]LogStaticMesh: Built static mesh [0.02s] /Game/Static_Meshes_Wood_Blocks/House_Draft_pCube52.House_Draft_pCube52
[2019.05.28-18.05.52:148][125]LogStaticMesh: Building static mesh House_Draft_pCube53...
[2019.05.28-18.05.52:156][125]LogStaticMesh: Built static mesh [0.01s] /Game/Static_Meshes_Wood_Blocks/House_Draft_pCube53.House_Draft_pCube53
[2019.05.28-18.05.52:159][125]LogStaticMesh: Building static mesh House_Draft_pCube54...
[2019.05.28-18.05.52:161][125]LogStaticMesh: Built static mesh [0.00s] /Game/Static_Meshes_Wood_Blocks/House_Draft_pCube54.House_Draft_pCube54
[2019.05.28-18.05.52:164][125]LogStaticMesh: Building static mesh House_Draft_pCube55...
[2019.05.28-18.05.52:170][125]LogStaticMesh: Built static mesh [0.01s] /Game/Static_Meshes_Wood_Blocks/House_Draft_pCube55.House_Draft_pCube55
[2019.05.28-18.05.52:173][125]LogStaticMesh: Building static mesh House_Draft_pCube56...
[2019.05.28-18.05.52:176][125]LogStaticMesh: Built static mesh [0.00s] /Game/Static_Meshes_Wood_Blocks/House_Draft_pCube56.House_Draft_pCube56
[2019.05.28-18.05.52:178][125]LogStaticMesh: Building static mesh House_Draft_pCube57...
[2019.05.28-18.05.52:179][125]LogStaticMesh: Built static mesh [0.00s] /Game/Static_Meshes_Wood_Blocks/House_Draft_pCube57.House_Draft_pCube57
[2019.05.28-18.05.52:181][125]LogStaticMesh: Building static mesh House_Draft_pCube58...
[2019.05.28-18.05.52:183][125]LogStaticMesh: Built static mesh [0.00s] /Game/Static_Meshes_Wood_Blocks/House_Draft_pCube58.House_Draft_pCube58
[2019.05.28-18.05.52:187][125]LogStaticMesh: Building static mesh House_Draft_pCube61...
[2019.05.28-18.05.52:193][125]LogStaticMesh: Built static mesh [0.01s] /Game/Static_Meshes_Wood_Blocks/House_Draft_pCube61.House_Draft_pCube61
[2019.05.28-18.05.52:195][125]LogStaticMesh: Building static mesh House_Draft_pCube62...
[2019.05.28-18.05.52:197][125]LogStaticMesh: Built static mesh [0.00s] /Game/Static_Meshes_Wood_Blocks/House_Draft_pCube62.House_Draft_pCube62
[2019.05.28-18.05.52:199][125]LogStaticMesh: Building static mesh House_Draft_pCube63...
[2019.05.28-18.05.52:200][125]LogStaticMesh: Built static mesh [0.00s] /Game/Static_Meshes_Wood_Blocks/House_Draft_pCube63.House_Draft_pCube63
[2019.05.28-18.05.52:203][125]LogStaticMesh: Building static mesh House_Draft_pCube64...
[2019.05.28-18.05.52:205][125]LogStaticMesh: Built static mesh [0.00s] /Game/Static_Meshes_Wood_Blocks/House_Draft_pCube64.House_Draft_pCube64
[2019.05.28-18.05.52:207][125]LogStaticMesh: Building static mesh House_Draft_pCube65...
[2019.05.28-18.05.52:209][125]LogStaticMesh: Built static mesh [0.00s] /Game/Static_Meshes_Wood_Blocks/House_Draft_pCube65.House_Draft_pCube65
[2019.05.28-18.05.52:211][125]LogStaticMesh: Building static mesh House_Draft_pCube66...
[2019.05.28-18.05.52:213][125]LogStaticMesh: Built static mesh [0.00s] /Game/Static_Meshes_Wood_Blocks/House_Draft_pCube66.House_Draft_pCube66
[2019.05.28-18.05.52:216][125]LogStaticMesh: Building static mesh House_Draft_pCube67...
[2019.05.28-18.05.52:217][125]LogStaticMesh: Built static mesh [0.00s] /Game/Static_Meshes_Wood_Blocks/House_Draft_pCube67.House_Draft_pCube67
[2019.05.28-18.05.52:220][125]LogStaticMesh: Building static mesh House_Draft_pCube68...
[2019.05.28-18.05.52:230][125]LogStaticMesh: Built static mesh [0.01s] /Game/Static_Meshes_Wood_Blocks/House_Draft_pCube68.House_Draft_pCube68
[2019.05.28-18.05.52:246][125]LogStaticMesh: Building static mesh House_Draft_pCube69...
[2019.05.28-18.05.52:288][125]LogStaticMesh: Built static mesh [0.04s] /Game/Static_Meshes_Wood_Blocks/House_Draft_pCube69.House_Draft_pCube69
[2019.05.28-18.05.52:298][125]LogStaticMesh: Building static mesh House_Draft_pCube70...
[2019.05.28-18.05.52:324][125]LogStaticMesh: Built static mesh [0.03s] /Game/Static_Meshes_Wood_Blocks/House_Draft_pCube70.House_Draft_pCube70
[2019.05.28-18.05.52:332][125]LogStaticMesh: Building static mesh House_Draft_pCube71...
[2019.05.28-18.05.52:359][125]LogStaticMesh: Built static mesh [0.03s] /Game/Static_Meshes_Wood_Blocks/House_Draft_pCube71.House_Draft_pCube71
[2019.05.28-18.05.52:369][125]LogStaticMesh: Building static mesh House_Draft_pCube72...
[2019.05.28-18.05.52:370][125]LogStaticMesh: Built static mesh [0.00s] /Game/Static_Meshes_Wood_Blocks/House_Draft_pCube72.House_Draft_pCube72
[2019.05.28-18.05.52:372][125]LogStaticMesh: Building static mesh House_Draft_pCube73...
[2019.05.28-18.05.52:374][125]LogStaticMesh: Built static mesh [0.00s] /Game/Static_Meshes_Wood_Blocks/House_Draft_pCube73.House_Draft_pCube73
[2019.05.28-18.05.52:383][125]LogStaticMesh: Building static mesh House_Draft_pCube74...
[2019.05.28-18.05.52:413][125]LogStaticMesh: Built static mesh [0.03s] /Game/Static_Meshes_Wood_Blocks/House_Draft_pCube74.House_Draft_pCube74
[2019.05.28-18.05.52:420][125]LogStaticMesh: Building static mesh House_Draft_pCube75...
[2019.05.28-18.05.52:435][125]LogStaticMesh: Built static mesh [0.02s] /Game/Static_Meshes_Wood_Blocks/House_Draft_pCube75.House_Draft_pCube75
[2019.05.28-18.05.52:438][125]LogStaticMesh: Building static mesh House_Draft_pCube76...
[2019.05.28-18.05.52:439][125]LogStaticMesh: Built static mesh [0.00s] /Game/Static_Meshes_Wood_Blocks/House_Draft_pCube76.House_Draft_pCube76
[2019.05.28-18.05.52:448][125]LogStaticMesh: Building static mesh House_Draft_pCube77...
[2019.05.28-18.05.52:474][125]LogStaticMesh: Built static mesh [0.03s] /Game/Static_Meshes_Wood_Blocks/House_Draft_pCube77.House_Draft_pCube77
[2019.05.28-18.05.52:481][125]LogStaticMesh: Building static mesh House_Draft_pCube78...
[2019.05.28-18.05.52:492][125]LogStaticMesh: Built static mesh [0.01s] /Game/Static_Meshes_Wood_Blocks/House_Draft_pCube78.House_Draft_pCube78
[2019.05.28-18.05.52:498][125]LogStaticMesh: Building static mesh House_Draft_pCube79...
[2019.05.28-18.05.52:516][125]LogStaticMesh: Built static mesh [0.02s] /Game/Static_Meshes_Wood_Blocks/House_Draft_pCube79.House_Draft_pCube79
[2019.05.28-18.05.52:520][125]LogStaticMesh: Building static mesh House_Draft_pCube80...
[2019.05.28-18.05.52:527][125]LogStaticMesh: Built static mesh [0.01s] /Game/Static_Meshes_Wood_Blocks/House_Draft_pCube80.House_Draft_pCube80
[2019.05.28-18.05.52:531][125]LogStaticMesh: Building static mesh House_Draft_pCube81...
[2019.05.28-18.05.52:536][125]LogStaticMesh: Built static mesh [0.01s] /Game/Static_Meshes_Wood_Blocks/House_Draft_pCube81.House_Draft_pCube81
[2019.05.28-18.05.52:539][125]LogStaticMesh: Building static mesh House_Draft_pCube9...
[2019.05.28-18.05.52:542][125]LogStaticMesh: Built static mesh [0.00s] /Game/Static_Meshes_Wood_Blocks/House_Draft_pCube9.House_Draft_pCube9
[2019.05.28-18.05.52:547][125]LogStaticMesh: Building static mesh House_Draft_pCylinder2...
[2019.05.28-18.05.52:555][125]LogStaticMesh: Built static mesh [0.01s] /Game/Static_Meshes_Wood_Blocks/House_Draft_pCylinder2.House_Draft_pCylinder2
[2019.05.28-18.05.52:561][125]LogStaticMesh: Building static mesh House_Draft_pCylinder3...
[2019.05.28-18.05.52:570][125]LogStaticMesh: Built static mesh [0.01s] /Game/Static_Meshes_Wood_Blocks/House_Draft_pCylinder3.House_Draft_pCylinder3
[2019.05.28-18.05.52:578][125]LogStaticMesh: Building static mesh House_Draft_pCylinder4...
[2019.05.28-18.05.52:588][125]LogStaticMesh: Built static mesh [0.01s] /Game/Static_Meshes_Wood_Blocks/House_Draft_pCylinder4.House_Draft_pCylinder4
[2019.05.28-18.05.52:593][125]LogStaticMesh: Building static mesh House_Draft_pCylinder5...
[2019.05.28-18.05.52:601][125]LogStaticMesh: Built static mesh [0.01s] /Game/Static_Meshes_Wood_Blocks/House_Draft_pCylinder5.House_Draft_pCylinder5
[2019.05.28-18.05.52:606][125]LogStaticMesh: Building static mesh House_Draft_pCylinder6...
[2019.05.28-18.05.52:615][125]LogStaticMesh: Built static mesh [0.01s] /Game/Static_Meshes_Wood_Blocks/House_Draft_pCylinder6.House_Draft_pCylinder6
[2019.05.28-18.05.52:619][125]LogStaticMesh: Building static mesh House_Draft_pCylinder7...
[2019.05.28-18.05.52:629][125]LogStaticMesh: Built static mesh [0.01s] /Game/Static_Meshes_Wood_Blocks/House_Draft_pCylinder7.House_Draft_pCylinder7
[2019.05.28-18.05.52:634][125]LogMaterial: Display: Missing cached shader map for material NewMaterial_Dark, compiling. 
[2019.05.28-18.05.52:662][125]LogShaderCompilers: Display: Shaders left to compile 31
[2019.05.28-18.05.52:663][125]LogMaterial: Display: Missing cached shader map for material NewMaterial, compiling. 
[2019.05.28-18.05.52:691][125]LogMaterial: Display: Missing cached shader map for material Grass, compiling. 
[2019.05.28-18.05.52:722][125]LogAIModule: Creating AISystem for world StreetHouse
[2019.05.28-18.05.52:768][125]LogEditorServer: Finished looking for orphan Actors (0.000 secs)
[2019.05.28-18.05.52:865][125]Cmd: MAP CHECKDEP NOCLEARLOG
[2019.05.28-18.05.52:866][125]MapCheck: Map check complete: 0 Error(s), 0 Warning(s), took 0.304ms to complete.
[2019.05.28-18.05.52:866][125]LogFileHelpers: Loading map 'StreetHouse' took 1.604
[2019.05.28-18.05.52:869][125]LogSlate: Window 'Open Level' being destroyed
[2019.05.28-18.05.54:452][285]LogShaderCompilers: Display: Shaders left to compile 83
[2019.05.28-18.05.54:586][296]LogShaderCompilers: Display: Shaders left to compile 73
[2019.05.28-18.05.55:718][386]LogShaderCompilers: Display: Shaders left to compile 63
[2019.05.28-18.05.55:811][394]LogShaderCompilers: Display: Shaders left to compile 53
[2019.05.28-18.05.57:215][505]LogShaderCompilers: Display: Shaders left to compile 43
[2019.05.28-18.05.57:481][527]LogShaderCompilers: Display: Shaders left to compile 33
[2019.05.28-18.05.57:492][528]LogShaderCompilers: Display: Shaders left to compile 23
[2019.05.28-18.05.58:800][636]LogShaderCompilers: Display: Shaders left to compile 13
[2019.05.28-18.05.59:058][658]LogShaderCompilers: Display: Shaders left to compile 3
[2019.05.28-18.10.55:288][ 88]LogSlate: FSceneViewport::OnFocusLost() reason 0
[2019.05.28-19.48.19:337][989]LogSlate: FSceneViewport::OnFocusLost() reason 0
[2019.05.28-19.55.22:191][126]LogSlate: FSceneViewport::OnFocusLost() reason 0
[2019.05.28-20.17.00:455][568]LogSlate: FSceneViewport::OnFocusLost() reason 0
[2019.05.28-20.37.09:744][837]LogSlate: FSceneViewport::OnFocusLost() reason 0
